[Header]
Signature=VISE
Version=0001
RemoveInUseFiles=0
RegistryKeyName=Quake III Arena and  Quake III Team Arena Game Source
Product Name=Quake III Arena and  Quake III Team Arena Game Source
[WinNT]
AdminPrivileges=1
[Directories2]
0=d:\q3source
count=47
1=d:\q3source\ui
2=d:\q3source\code
3=d:\q3source\code\cgame
4=d:\q3source\code\game
5=d:\q3source\code\q3_ui
6=d:\q3source\code\ui
7=d:\q3source\bin
8=d:\q3source\lcc
9=d:\q3source\lcc\bin
10=d:\q3source\lcc\alpha
11=d:\q3source\lcc\alpha\osf
12=d:\q3source\lcc\alpha\osf\tst
13=d:\q3source\lcc\cpp
14=d:\q3source\lcc\doc
15=d:\q3source\lcc\etc
16=d:\q3source\lcc\include
17=d:\q3source\lcc\include\alpha
18=d:\q3source\lcc\include\alpha\osf
19=d:\q3source\lcc\include\mips
20=d:\q3source\lcc\include\mips\irix
21=d:\q3source\lcc\include\sparc
22=d:\q3source\lcc\include\sparc\solaris
23=d:\q3source\lcc\include\x86
24=d:\q3source\lcc\include\x86\linux
25=d:\q3source\lcc\lburg
26=d:\q3source\lcc\lib
27=d:\q3source\lcc\mips
28=d:\q3source\lcc\mips\irix
29=d:\q3source\lcc\mips\irix\tst
30=d:\q3source\lcc\msdev
31=d:\q3source\lcc\sparc
32=d:\q3source\lcc\sparc\solaris
33=d:\q3source\lcc\sparc\solaris\tst
34=d:\q3source\lcc\src
35=d:\q3source\lcc\tst
36=d:\q3source\lcc\x86
37=d:\q3source\lcc\x86\linux
38=d:\q3source\lcc\x86\linux\tst
39=d:\q3source\lcc\x86\win32
40=d:\q3source\lcc\x86\win32\tst
41=d:\q3source\q3asm
42=C:\Documents and Settings
43=C:\Documents and Settings\All Users
44=C:\Documents and Settings\All Users\Start Menu
45=C:\Documents and Settings\All Users\Start Menu\Programs
46=C:\Documents and Settings\All Users\Start Menu\Programs\Quake III Arena and  Quake III Team Arena Game Source
[Files]
count=704
0=d:\q3source\ui\addfilter.menu
1=d:\q3source\ui\botselection.menu
2=d:\q3source\ui\cdkey.menu
3=d:\q3source\ui\chip.menu
4=d:\q3source\ui\cinematic.menu
5=d:\q3source\ui\cinematicmenu.menu
6=d:\q3source\ui\connect.menu
7=d:\q3source\ui\controls.menu
8=d:\q3source\ui\controls2.menu
9=d:\q3source\ui\createfavorite.menu
10=d:\q3source\ui\createserver.menu
11=d:\q3source\ui\credit.menu
12=d:\q3source\ui\default.menu
13=d:\q3source\ui\demo.menu
14=d:\q3source\ui\demo_quit.menu
15=d:\q3source\ui\endofgame.menu
16=d:\q3source\ui\endofgame2.menu
17=d:\q3source\ui\error.menu
18=d:\q3source\ui\fight.menu
19=d:\q3source\ui\filter.menu
20=d:\q3source\ui\findplayer.menu
21=d:\q3source\ui\help.menu
22=d:\q3source\ui\help2.menu
23=d:\q3source\ui\hud.menu
24=d:\q3source\ui\hud.txt
25=d:\q3source\ui\hud_old.menu
26=d:\q3source\ui\hud2.txt
27=d:\q3source\ui\ingame.menu
28=d:\q3source\ui\ingame.txt
29=d:\q3source\ui\ingame_about.menu
30=d:\q3source\ui\ingame_addbot.menu
31=d:\q3source\ui\ingame_callvote.menu
32=d:\q3source\ui\ingame_callvote2.menu
33=d:\q3source\ui\ingame_controls.menu
34=d:\q3source\ui\ingame_join.menu
35=d:\q3source\ui\ingame_leave.menu
36=d:\q3source\ui\ingame_options.menu
37=d:\q3source\ui\ingame_orders.menu
38=d:\q3source\ui\ingame_orders2.menu
39=d:\q3source\ui\ingame_player.menu
40=d:\q3source\ui\ingame_scoreffa.menu
41=d:\q3source\ui\ingame_serverinfo.menu
42=d:\q3source\ui\ingame_system.menu
43=d:\q3source\ui\ingame_vote.menu
44=d:\q3source\ui\ingame_vote2.menu
45=d:\q3source\ui\joinserver.menu
46=d:\q3source\ui\main.menu
47=d:\q3source\ui\main2.menu
48=d:\q3source\ui\menudef.h
49=d:\q3source\ui\menus.txt
50=d:\q3source\ui\min_hud.menu
51=d:\q3source\ui\mod.menu
52=d:\q3source\ui\newleague.menu
53=d:\q3source\ui\options.menu
54=d:\q3source\ui\ordershelp.menu
55=d:\q3source\ui\password.menu
56=d:\q3source\ui\player.menu
57=d:\q3source\ui\powerup.menu
58=d:\q3source\ui\powerup2.menu
59=d:\q3source\ui\punkbuster.menu
60=d:\q3source\ui\quake3.menu
61=d:\q3source\ui\quit.menu
62=d:\q3source\ui\quitcredit.menu
63=d:\q3source\ui\rankings.menu
64=d:\q3source\ui\resetscore.menu
65=d:\q3source\ui\score.menu
66=d:\q3source\ui\score_results.menu
67=d:\q3source\ui\serverinfo.menu
68=d:\q3source\ui\serverinfo_old.menu
69=d:\q3source\ui\setup.menu
70=d:\q3source\ui\skirmish.menu
71=d:\q3source\ui\small.menu
72=d:\q3source\ui\system.menu
73=d:\q3source\ui\team.menu
74=d:\q3source\ui\teamscore.menu
75=d:\q3source\ui\testhud.menu
76=d:\q3source\ui\vid_restart.menu
77=d:\q3source\code\cgame\cgame.bat
78=d:\q3source\code\cgame\cgame.def
79=d:\q3source\code\cgame\cgame.dsp
80=d:\q3source\code\cgame\cgame.q3asm
81=d:\q3source\code\cgame\cgame_ta.bat
82=d:\q3source\code\cgame\cgame_ta.q3asm
83=d:\q3source\code\cgame\cg_consolecmds.c
84=d:\q3source\code\cgame\cg_draw.c
85=d:\q3source\code\cgame\cg_drawtools.c
86=d:\q3source\code\cgame\cg_effects.c
87=d:\q3source\code\cgame\cg_ents.c
88=d:\q3source\code\cgame\cg_event.c
89=d:\q3source\code\cgame\cg_info.c
90=d:\q3source\code\cgame\cg_local.h
91=d:\q3source\code\cgame\cg_localents.c
92=d:\q3source\code\cgame\cg_main.c
93=d:\q3source\code\cgame\cg_marks.c
94=d:\q3source\code\cgame\cg_newdraw.c
95=d:\q3source\code\cgame\cg_particles.c
96=d:\q3source\code\cgame\cg_players.c
97=d:\q3source\code\cgame\cg_playerstate.c
98=d:\q3source\code\cgame\cg_predict.c
99=d:\q3source\code\cgame\cg_public.h
100=d:\q3source\code\cgame\cg_scoreboard.c
101=d:\q3source\code\cgame\cg_servercmds.c
102=d:\q3source\code\cgame\cg_snapshot.c
103=d:\q3source\code\cgame\cg_syscalls.asm
104=d:\q3source\code\cgame\cg_syscalls.c
105=d:\q3source\code\cgame\cg_view.c
106=d:\q3source\code\cgame\cg_weapons.c
107=d:\q3source\code\cgame\tr_types.h
108=d:\q3source\code\game\ai_chat.c
109=d:\q3source\code\game\ai_chat.h
110=d:\q3source\code\game\ai_cmd.c
111=d:\q3source\code\game\ai_cmd.h
112=d:\q3source\code\game\ai_dmnet.c
113=d:\q3source\code\game\ai_dmnet.h
114=d:\q3source\code\game\ai_dmq3.c
115=d:\q3source\code\game\ai_dmq3.h
116=d:\q3source\code\game\ai_main.c
117=d:\q3source\code\game\ai_main.h
118=d:\q3source\code\game\ai_team.c
119=d:\q3source\code\game\ai_team.h
120=d:\q3source\code\game\ai_vcmd.c
121=d:\q3source\code\game\ai_vcmd.h
122=d:\q3source\code\game\be_aas.h
123=d:\q3source\code\game\be_ai_char.h
124=d:\q3source\code\game\be_ai_chat.h
125=d:\q3source\code\game\be_ai_gen.h
126=d:\q3source\code\game\be_ai_goal.h
127=d:\q3source\code\game\be_ai_move.h
128=d:\q3source\code\game\be_ai_weap.h
129=d:\q3source\code\game\be_ea.h
130=d:\q3source\code\game\bg_lib.c
131=d:\q3source\code\game\bg_lib.h
132=d:\q3source\code\game\bg_local.h
133=d:\q3source\code\game\bg_misc.c
134=d:\q3source\code\game\bg_pmove.c
135=d:\q3source\code\game\bg_public.h
136=d:\q3source\code\game\bg_slidemove.c
137=d:\q3source\code\game\botlib.h
138=d:\q3source\code\game\chars.h
139=d:\q3source\code\game\game.bat
140=d:\q3source\code\game\game.def
141=d:\q3source\code\game\game.dsp
142=d:\q3source\code\game\game.q3asm
143=d:\q3source\code\game\game_ta.bat
144=d:\q3source\code\game\game_ta.q3asm
145=d:\q3source\code\game\g_active.c
146=d:\q3source\code\game\g_arenas.c
147=d:\q3source\code\game\g_bot.c
148=d:\q3source\code\game\g_client.c
149=d:\q3source\code\game\g_cmds.c
150=d:\q3source\code\game\g_combat.c
151=d:\q3source\code\game\g_items.c
152=d:\q3source\code\game\g_local.h
153=d:\q3source\code\game\g_main.c
154=d:\q3source\code\game\g_mem.c
155=d:\q3source\code\game\g_misc.c
156=d:\q3source\code\game\g_missile.c
157=d:\q3source\code\game\g_mover.c
158=d:\q3source\code\game\g_public.h
159=d:\q3source\code\game\g_rankings.c
160=d:\q3source\code\game\g_rankings.h
161=d:\q3source\code\game\g_session.c
162=d:\q3source\code\game\g_spawn.c
163=d:\q3source\code\game\g_svcmds.c
164=d:\q3source\code\game\g_syscalls.asm
165=d:\q3source\code\game\g_syscalls.c
166=d:\q3source\code\game\g_target.c
167=d:\q3source\code\game\g_team.c
168=d:\q3source\code\game\g_team.h
169=d:\q3source\code\game\g_trigger.c
170=d:\q3source\code\game\g_utils.c
171=d:\q3source\code\game\g_weapon.c
172=d:\q3source\code\game\inv.h
173=d:\q3source\code\game\match.h
174=d:\q3source\code\game\q_math.c
175=d:\q3source\code\game\q_shared.c
176=d:\q3source\code\game\q_shared.h
177=d:\q3source\code\game\surfaceflags.h
178=d:\q3source\code\game\syn.h
179=d:\q3source\code\q3_ui\keycodes.h
180=d:\q3source\code\q3_ui\q3_ui.bat
181=d:\q3source\code\q3_ui\q3_ui.dsp
182=d:\q3source\code\q3_ui\q3_ui.q3asm
183=d:\q3source\code\q3_ui\ui.def
184=d:\q3source\code\q3_ui\ui.q3asm
185=d:\q3source\code\q3_ui\ui_addbots.c
186=d:\q3source\code\q3_ui\ui_atoms.c
187=d:\q3source\code\q3_ui\ui_cdkey.c
188=d:\q3source\code\q3_ui\ui_cinematics.c
189=d:\q3source\code\q3_ui\ui_confirm.c
190=d:\q3source\code\q3_ui\ui_connect.c
191=d:\q3source\code\q3_ui\ui_controls2.c
192=d:\q3source\code\q3_ui\ui_credits.c
193=d:\q3source\code\q3_ui\ui_demo2.c
194=d:\q3source\code\q3_ui\ui_display.c
195=d:\q3source\code\q3_ui\ui_gameinfo.c
196=d:\q3source\code\q3_ui\ui_ingame.c
197=d:\q3source\code\q3_ui\ui_loadconfig.c
198=d:\q3source\code\q3_ui\ui_local.h
199=d:\q3source\code\q3_ui\ui_login.c
200=d:\q3source\code\q3_ui\ui_main.c
201=d:\q3source\code\q3_ui\ui_menu.c
202=d:\q3source\code\q3_ui\ui_mfield.c
203=d:\q3source\code\q3_ui\ui_mods.c
204=d:\q3source\code\q3_ui\ui_network.c
205=d:\q3source\code\q3_ui\ui_options.c
206=d:\q3source\code\q3_ui\ui_playermodel.c
207=d:\q3source\code\q3_ui\ui_players.c
208=d:\q3source\code\q3_ui\ui_playersettings.c
209=d:\q3source\code\q3_ui\ui_preferences.c
210=d:\q3source\code\q3_ui\ui_qmenu.c
211=d:\q3source\code\q3_ui\ui_rankings.c
212=d:\q3source\code\q3_ui\ui_rankstatus.c
213=d:\q3source\code\q3_ui\ui_removebots.c
214=d:\q3source\code\q3_ui\ui_saveconfig.c
215=d:\q3source\code\q3_ui\ui_serverinfo.c
216=d:\q3source\code\q3_ui\ui_servers2.c
217=d:\q3source\code\q3_ui\ui_setup.c
218=d:\q3source\code\q3_ui\ui_signup.c
219=d:\q3source\code\q3_ui\ui_sound.c
220=d:\q3source\code\q3_ui\ui_sparena.c
221=d:\q3source\code\q3_ui\ui_specifyleague.c
222=d:\q3source\code\q3_ui\ui_specifyserver.c
223=d:\q3source\code\q3_ui\ui_splevel.c
224=d:\q3source\code\q3_ui\ui_sppostgame.c
225=d:\q3source\code\q3_ui\ui_spreset.c
226=d:\q3source\code\q3_ui\ui_spskill.c
227=d:\q3source\code\q3_ui\ui_startserver.c
228=d:\q3source\code\q3_ui\ui_team.c
229=d:\q3source\code\q3_ui\ui_teamorders.c
230=d:\q3source\code\q3_ui\ui_video.c
231=d:\q3source\code\ui\keycodes.h
232=d:\q3source\code\ui\ui.bat
233=d:\q3source\code\ui\ui.def
234=d:\q3source\code\ui\ui.dsp
235=d:\q3source\code\ui\ui.q3asm
236=d:\q3source\code\ui\ui_atoms.c
237=d:\q3source\code\ui\ui_gameinfo.c
238=d:\q3source\code\ui\ui_local.h
239=d:\q3source\code\ui\ui_main.c
240=d:\q3source\code\ui\ui_players.c
241=d:\q3source\code\ui\ui_public.h
242=d:\q3source\code\ui\ui_shared.c
243=d:\q3source\code\ui\ui_shared.h
244=d:\q3source\code\ui\ui_syscalls.asm
245=d:\q3source\code\ui\ui_syscalls.c
246=d:\q3source\code\ui\ui_util.c
247=d:\q3source\code\quake3sdk.dsw
248=d:\q3source\QIIIA Game Source License.doc
249=d:\q3source\bin\q3asm.exe
250=d:\q3source\bin\lcc.exe
251=d:\q3source\bin\q3cpp.exe
252=d:\q3source\bin\q3rcc.exe
253=d:\q3source\lcc\COPYRIGHT
254=d:\q3source\lcc\buildnt.bat
255=d:\q3source\lcc\LOG
256=d:\q3source\lcc\makefile.nt
257=d:\q3source\lcc\README
258=d:\q3source\lcc\README.Id
259=d:\q3source\lcc\custom.mk
260=d:\q3source\lcc\makefile
261=d:\q3source\lcc\packing.lst
262=d:\q3source\lcc\alpha\osf\tst\8q.1bk
263=d:\q3source\lcc\alpha\osf\tst\8q.2bk
264=d:\q3source\lcc\alpha\osf\tst\8q.sbk
265=d:\q3source\lcc\alpha\osf\tst\array.1bk
266=d:\q3source\lcc\alpha\osf\tst\array.2bk
267=d:\q3source\lcc\alpha\osf\tst\array.sbk
268=d:\q3source\lcc\alpha\osf\tst\cf.1bk
269=d:\q3source\lcc\alpha\osf\tst\cf.2bk
270=d:\q3source\lcc\alpha\osf\tst\cf.sbk
271=d:\q3source\lcc\alpha\osf\tst\cq.1bk
272=d:\q3source\lcc\alpha\osf\tst\cq.2bk
273=d:\q3source\lcc\alpha\osf\tst\cq.sbk
274=d:\q3source\lcc\alpha\osf\tst\cvt.1bk
275=d:\q3source\lcc\alpha\osf\tst\cvt.2bk
276=d:\q3source\lcc\alpha\osf\tst\cvt.sbk
277=d:\q3source\lcc\alpha\osf\tst\fields.1bk
278=d:\q3source\lcc\alpha\osf\tst\fields.2bk
279=d:\q3source\lcc\alpha\osf\tst\fields.sbk
280=d:\q3source\lcc\alpha\osf\tst\front.2bk
281=d:\q3source\lcc\alpha\osf\tst\front.sbk
282=d:\q3source\lcc\alpha\osf\tst\incr.1bk
283=d:\q3source\lcc\alpha\osf\tst\incr.2bk
284=d:\q3source\lcc\alpha\osf\tst\incr.sbk
285=d:\q3source\lcc\alpha\osf\tst\init.1bk
286=d:\q3source\lcc\alpha\osf\tst\init.2bk
287=d:\q3source\lcc\alpha\osf\tst\init.sbk
288=d:\q3source\lcc\alpha\osf\tst\limits.1bk
289=d:\q3source\lcc\alpha\osf\tst\limits.2bk
290=d:\q3source\lcc\alpha\osf\tst\limits.sbk
291=d:\q3source\lcc\alpha\osf\tst\paranoia.1bk
292=d:\q3source\lcc\alpha\osf\tst\paranoia.2bk
293=d:\q3source\lcc\alpha\osf\tst\paranoia.sbk
294=d:\q3source\lcc\alpha\osf\tst\sort.1bk
295=d:\q3source\lcc\alpha\osf\tst\sort.2bk
296=d:\q3source\lcc\alpha\osf\tst\sort.sbk
297=d:\q3source\lcc\alpha\osf\tst\spill.1bk
298=d:\q3source\lcc\alpha\osf\tst\spill.2bk
299=d:\q3source\lcc\alpha\osf\tst\spill.sbk
300=d:\q3source\lcc\alpha\osf\tst\stdarg.1bk
301=d:\q3source\lcc\alpha\osf\tst\stdarg.2bk
302=d:\q3source\lcc\alpha\osf\tst\stdarg.sbk
303=d:\q3source\lcc\alpha\osf\tst\struct.1bk
304=d:\q3source\lcc\alpha\osf\tst\struct.2bk
305=d:\q3source\lcc\alpha\osf\tst\struct.sbk
306=d:\q3source\lcc\alpha\osf\tst\switch.1bk
307=d:\q3source\lcc\alpha\osf\tst\switch.2bk
308=d:\q3source\lcc\alpha\osf\tst\switch.sbk
309=d:\q3source\lcc\alpha\osf\tst\wf1.1bk
310=d:\q3source\lcc\alpha\osf\tst\wf1.2bk
311=d:\q3source\lcc\alpha\osf\tst\wf1.sbk
312=d:\q3source\lcc\alpha\osf\tst\yacc.1bk
313=d:\q3source\lcc\alpha\osf\tst\yacc.2bk
314=d:\q3source\lcc\alpha\osf\tst\yacc.sbk
315=d:\q3source\lcc\cpp\eval.c
316=d:\q3source\lcc\cpp\getopt.c
317=d:\q3source\lcc\cpp\hideset.c
318=d:\q3source\lcc\cpp\include.c
319=d:\q3source\lcc\cpp\lex.c
320=d:\q3source\lcc\cpp\macro.c
321=d:\q3source\lcc\cpp\nlist.c
322=d:\q3source\lcc\cpp\tokens.c
323=d:\q3source\lcc\cpp\unix.c
324=d:\q3source\lcc\cpp\cpp.h
325=d:\q3source\lcc\cpp\cpp.c
326=d:\q3source\lcc\doc\4.html
327=d:\q3source\lcc\doc\bprint.1
328=d:\q3source\lcc\doc\bprint.pdf
329=d:\q3source\lcc\doc\install.html
330=d:\q3source\lcc\doc\lcc.1
331=d:\q3source\lcc\doc\lcc.pdf
332=d:\q3source\lcc\etc\linux.c
333=d:\q3source\lcc\etc\bprint.c
334=d:\q3source\lcc\etc\gcc-solaris.c
335=d:\q3source\lcc\etc\irix.c
336=d:\q3source\lcc\etc\lcc.c
337=d:\q3source\lcc\etc\ops.c
338=d:\q3source\lcc\etc\osf.c
339=d:\q3source\lcc\etc\solaris.c
340=d:\q3source\lcc\etc\win32.c
341=d:\q3source\lcc\include\alpha\osf\assert.h
342=d:\q3source\lcc\include\alpha\osf\ctype.h
343=d:\q3source\lcc\include\alpha\osf\errno.h
344=d:\q3source\lcc\include\alpha\osf\float.h
345=d:\q3source\lcc\include\alpha\osf\limits.h
346=d:\q3source\lcc\include\alpha\osf\locale.h
347=d:\q3source\lcc\include\alpha\osf\math.h
348=d:\q3source\lcc\include\alpha\osf\setjmp.h
349=d:\q3source\lcc\include\alpha\osf\signal.h
350=d:\q3source\lcc\include\alpha\osf\stdarg.h
351=d:\q3source\lcc\include\alpha\osf\stdio.h
352=d:\q3source\lcc\include\alpha\osf\stdlib.h
353=d:\q3source\lcc\include\alpha\osf\string.h
354=d:\q3source\lcc\include\alpha\osf\time.h
355=d:\q3source\lcc\include\alpha\osf\stddef.h
356=d:\q3source\lcc\include\mips\irix\assert.h
357=d:\q3source\lcc\include\mips\irix\ctype.h
358=d:\q3source\lcc\include\mips\irix\errno.h
359=d:\q3source\lcc\include\mips\irix\float.h
360=d:\q3source\lcc\include\mips\irix\limits.h
361=d:\q3source\lcc\include\mips\irix\locale.h
362=d:\q3source\lcc\include\mips\irix\math.h
363=d:\q3source\lcc\include\mips\irix\setjmp.h
364=d:\q3source\lcc\include\mips\irix\signal.h
365=d:\q3source\lcc\include\mips\irix\stdarg.h
366=d:\q3source\lcc\include\mips\irix\stdio.h
367=d:\q3source\lcc\include\mips\irix\stdlib.h
368=d:\q3source\lcc\include\mips\irix\string.h
369=d:\q3source\lcc\include\mips\irix\time.h
370=d:\q3source\lcc\include\mips\irix\stddef.h
371=d:\q3source\lcc\include\sparc\solaris\assert.h
372=d:\q3source\lcc\include\sparc\solaris\ctype.h
373=d:\q3source\lcc\include\sparc\solaris\errno.h
374=d:\q3source\lcc\include\sparc\solaris\float.h
375=d:\q3source\lcc\include\sparc\solaris\limits.h
376=d:\q3source\lcc\include\sparc\solaris\locale.h
377=d:\q3source\lcc\include\sparc\solaris\math.h
378=d:\q3source\lcc\include\sparc\solaris\setjmp.h
379=d:\q3source\lcc\include\sparc\solaris\signal.h
380=d:\q3source\lcc\include\sparc\solaris\stdarg.h
381=d:\q3source\lcc\include\sparc\solaris\stdio.h
382=d:\q3source\lcc\include\sparc\solaris\stdlib.h
383=d:\q3source\lcc\include\sparc\solaris\string.h
384=d:\q3source\lcc\include\sparc\solaris\time.h
385=d:\q3source\lcc\include\sparc\solaris\stddef.h
386=d:\q3source\lcc\include\x86\linux\assert.h
387=d:\q3source\lcc\include\x86\linux\float.h
388=d:\q3source\lcc\include\x86\linux\stdarg.h
389=d:\q3source\lcc\lburg\gram.y
390=d:\q3source\lcc\lburg\lburg.1
391=d:\q3source\lcc\lburg\gram.c
392=d:\q3source\lcc\lburg\lburg.h
393=d:\q3source\lcc\lburg\lburg.c
394=d:\q3source\lcc\lib\assert.c
395=d:\q3source\lcc\lib\bbexit.c
396=d:\q3source\lcc\lib\yynull.c
397=d:\q3source\lcc\mips\irix\tst\8q.1bk
398=d:\q3source\lcc\mips\irix\tst\8q.2bk
399=d:\q3source\lcc\mips\irix\tst\8q.sbk
400=d:\q3source\lcc\mips\irix\tst\array.1bk
401=d:\q3source\lcc\mips\irix\tst\array.2bk
402=d:\q3source\lcc\mips\irix\tst\array.sbk
403=d:\q3source\lcc\mips\irix\tst\cf.1bk
404=d:\q3source\lcc\mips\irix\tst\cf.2bk
405=d:\q3source\lcc\mips\irix\tst\cf.sbk
406=d:\q3source\lcc\mips\irix\tst\cq.1bk
407=d:\q3source\lcc\mips\irix\tst\cq.2bk
408=d:\q3source\lcc\mips\irix\tst\cq.sbk
409=d:\q3source\lcc\mips\irix\tst\cvt.1bk
410=d:\q3source\lcc\mips\irix\tst\cvt.2bk
411=d:\q3source\lcc\mips\irix\tst\cvt.sbk
412=d:\q3source\lcc\mips\irix\tst\fields.1bk
413=d:\q3source\lcc\mips\irix\tst\fields.2bk
414=d:\q3source\lcc\mips\irix\tst\fields.sbk
415=d:\q3source\lcc\mips\irix\tst\front.2bk
416=d:\q3source\lcc\mips\irix\tst\front.sbk
417=d:\q3source\lcc\mips\irix\tst\incr.2bk
418=d:\q3source\lcc\mips\irix\tst\incr.sbk
419=d:\q3source\lcc\mips\irix\tst\init.1bk
420=d:\q3source\lcc\mips\irix\tst\init.2bk
421=d:\q3source\lcc\mips\irix\tst\init.sbk
422=d:\q3source\lcc\mips\irix\tst\limits.1bk
423=d:\q3source\lcc\mips\irix\tst\limits.2bk
424=d:\q3source\lcc\mips\irix\tst\limits.sbk
425=d:\q3source\lcc\mips\irix\tst\paranoia.1bk
426=d:\q3source\lcc\mips\irix\tst\paranoia.2bk
427=d:\q3source\lcc\mips\irix\tst\paranoia.sbk
428=d:\q3source\lcc\mips\irix\tst\sort.1bk
429=d:\q3source\lcc\mips\irix\tst\sort.2bk
430=d:\q3source\lcc\mips\irix\tst\sort.sbk
431=d:\q3source\lcc\mips\irix\tst\spill.2bk
432=d:\q3source\lcc\mips\irix\tst\spill.sbk
433=d:\q3source\lcc\mips\irix\tst\stdarg.1bk
434=d:\q3source\lcc\mips\irix\tst\stdarg.2bk
435=d:\q3source\lcc\mips\irix\tst\stdarg.sbk
436=d:\q3source\lcc\mips\irix\tst\struct.1bk
437=d:\q3source\lcc\mips\irix\tst\struct.2bk
438=d:\q3source\lcc\mips\irix\tst\struct.sbk
439=d:\q3source\lcc\mips\irix\tst\switch.1bk
440=d:\q3source\lcc\mips\irix\tst\switch.2bk
441=d:\q3source\lcc\mips\irix\tst\switch.sbk
442=d:\q3source\lcc\mips\irix\tst\wf1.1bk
443=d:\q3source\lcc\mips\irix\tst\wf1.2bk
444=d:\q3source\lcc\mips\irix\tst\wf1.sbk
445=d:\q3source\lcc\mips\irix\tst\yacc.1bk
446=d:\q3source\lcc\mips\irix\tst\yacc.2bk
447=d:\q3source\lcc\mips\irix\tst\yacc.sbk
448=d:\q3source\lcc\msdev\rcc.dsp
449=d:\q3source\lcc\msdev\rcc.dsw
450=d:\q3source\lcc\sparc\solaris\tst\8q.1bk
451=d:\q3source\lcc\sparc\solaris\tst\8q.2bk
452=d:\q3source\lcc\sparc\solaris\tst\8q.sbk
453=d:\q3source\lcc\sparc\solaris\tst\array.1bk
454=d:\q3source\lcc\sparc\solaris\tst\array.2bk
455=d:\q3source\lcc\sparc\solaris\tst\array.sbk
456=d:\q3source\lcc\sparc\solaris\tst\cf.1bk
457=d:\q3source\lcc\sparc\solaris\tst\cf.2bk
458=d:\q3source\lcc\sparc\solaris\tst\cf.sbk
459=d:\q3source\lcc\sparc\solaris\tst\cq.1bk
460=d:\q3source\lcc\sparc\solaris\tst\cq.2bk
461=d:\q3source\lcc\sparc\solaris\tst\cq.sbk
462=d:\q3source\lcc\sparc\solaris\tst\cvt.1bk
463=d:\q3source\lcc\sparc\solaris\tst\cvt.2bk
464=d:\q3source\lcc\sparc\solaris\tst\cvt.sbk
465=d:\q3source\lcc\sparc\solaris\tst\fields.1bk
466=d:\q3source\lcc\sparc\solaris\tst\fields.2bk
467=d:\q3source\lcc\sparc\solaris\tst\fields.sbk
468=d:\q3source\lcc\sparc\solaris\tst\front.2bk
469=d:\q3source\lcc\sparc\solaris\tst\front.sbk
470=d:\q3source\lcc\sparc\solaris\tst\incr.1bk
471=d:\q3source\lcc\sparc\solaris\tst\incr.2bk
472=d:\q3source\lcc\sparc\solaris\tst\incr.sbk
473=d:\q3source\lcc\sparc\solaris\tst\init.1bk
474=d:\q3source\lcc\sparc\solaris\tst\init.2bk
475=d:\q3source\lcc\sparc\solaris\tst\init.sbk
476=d:\q3source\lcc\sparc\solaris\tst\limits.1bk
477=d:\q3source\lcc\sparc\solaris\tst\limits.2bk
478=d:\q3source\lcc\sparc\solaris\tst\limits.sbk
479=d:\q3source\lcc\sparc\solaris\tst\paranoia.1bk
480=d:\q3source\lcc\sparc\solaris\tst\paranoia.2bk
481=d:\q3source\lcc\sparc\solaris\tst\paranoia.sbk
482=d:\q3source\lcc\sparc\solaris\tst\sort.1bk
483=d:\q3source\lcc\sparc\solaris\tst\sort.2bk
484=d:\q3source\lcc\sparc\solaris\tst\sort.sbk
485=d:\q3source\lcc\sparc\solaris\tst\spill.1bk
486=d:\q3source\lcc\sparc\solaris\tst\spill.2bk
487=d:\q3source\lcc\sparc\solaris\tst\spill.sbk
488=d:\q3source\lcc\sparc\solaris\tst\stdarg.1bk
489=d:\q3source\lcc\sparc\solaris\tst\stdarg.2bk
490=d:\q3source\lcc\sparc\solaris\tst\stdarg.sbk
491=d:\q3source\lcc\sparc\solaris\tst\struct.1bk
492=d:\q3source\lcc\sparc\solaris\tst\struct.2bk
493=d:\q3source\lcc\sparc\solaris\tst\struct.sbk
494=d:\q3source\lcc\sparc\solaris\tst\switch.1bk
495=d:\q3source\lcc\sparc\solaris\tst\switch.2bk
496=d:\q3source\lcc\sparc\solaris\tst\switch.sbk
497=d:\q3source\lcc\sparc\solaris\tst\wf1.1bk
498=d:\q3source\lcc\sparc\solaris\tst\wf1.2bk
499=d:\q3source\lcc\sparc\solaris\tst\wf1.sbk
500=d:\q3source\lcc\sparc\solaris\tst\yacc.1bk
501=d:\q3source\lcc\sparc\solaris\tst\yacc.2bk
502=d:\q3source\lcc\sparc\solaris\tst\yacc.sbk
503=d:\q3source\lcc\src\alloc.c
504=d:\q3source\lcc\src\alpha.md
505=d:\q3source\lcc\src\bind.c
506=d:\q3source\lcc\src\dagcheck.md
507=d:\q3source\lcc\src\inits.c
508=d:\q3source\lcc\src\mips.md
509=d:\q3source\lcc\src\rcc.asdl
510=d:\q3source\lcc\src\sparc.md
511=d:\q3source\lcc\src\x86.md
512=d:\q3source\lcc\src\x86linux.md
513=d:\q3source\lcc\src\2html.c
514=d:\q3source\lcc\src\asdl.c
515=d:\q3source\lcc\src\bytecode.c
516=d:\q3source\lcc\src\c.h
517=d:\q3source\lcc\src\config.h
518=d:\q3source\lcc\src\dag.c
519=d:\q3source\lcc\src\decl.c
520=d:\q3source\lcc\src\enode.c
521=d:\q3source\lcc\src\error.c
522=d:\q3source\lcc\src\event.c
523=d:\q3source\lcc\src\expr.c
524=d:\q3source\lcc\src\gen.c
525=d:\q3source\lcc\src\init.c
526=d:\q3source\lcc\src\input.c
527=d:\q3source\lcc\src\lex.c
528=d:\q3source\lcc\src\list.c
529=d:\q3source\lcc\src\null.c
530=d:\q3source\lcc\src\output.c
531=d:\q3source\lcc\src\pass2.c
532=d:\q3source\lcc\src\prof.c
533=d:\q3source\lcc\src\profio.c
534=d:\q3source\lcc\src\simp.c
535=d:\q3source\lcc\src\stab.c
536=d:\q3source\lcc\src\stab.h
537=d:\q3source\lcc\src\stmt.c
538=d:\q3source\lcc\src\string.c
539=d:\q3source\lcc\src\sym.c
540=d:\q3source\lcc\src\symbolic.c
541=d:\q3source\lcc\src\token.h
542=d:\q3source\lcc\src\trace.c
543=d:\q3source\lcc\src\tree.c
544=d:\q3source\lcc\src\types.c
545=d:\q3source\lcc\src\run.sh
546=d:\q3source\lcc\src\main.c
547=d:\q3source\lcc\tst\8q.0
548=d:\q3source\lcc\tst\8q.c
549=d:\q3source\lcc\tst\array.0
550=d:\q3source\lcc\tst\array.c
551=d:\q3source\lcc\tst\cf.0
552=d:\q3source\lcc\tst\cf.c
553=d:\q3source\lcc\tst\cq.0
554=d:\q3source\lcc\tst\cq.c
555=d:\q3source\lcc\tst\cvt.0
556=d:\q3source\lcc\tst\cvt.c
557=d:\q3source\lcc\tst\fields.0
558=d:\q3source\lcc\tst\fields.c
559=d:\q3source\lcc\tst\front.0
560=d:\q3source\lcc\tst\front.c
561=d:\q3source\lcc\tst\incr.0
562=d:\q3source\lcc\tst\incr.c
563=d:\q3source\lcc\tst\init.0
564=d:\q3source\lcc\tst\init.c
565=d:\q3source\lcc\tst\limits.0
566=d:\q3source\lcc\tst\limits.c
567=d:\q3source\lcc\tst\paranoia.0
568=d:\q3source\lcc\tst\paranoia.c
569=d:\q3source\lcc\tst\sort.0
570=d:\q3source\lcc\tst\sort.c
571=d:\q3source\lcc\tst\spill.0
572=d:\q3source\lcc\tst\spill.c
573=d:\q3source\lcc\tst\stdarg.0
574=d:\q3source\lcc\tst\stdarg.c
575=d:\q3source\lcc\tst\struct.0
576=d:\q3source\lcc\tst\struct.c
577=d:\q3source\lcc\tst\switch.0
578=d:\q3source\lcc\tst\switch.c
579=d:\q3source\lcc\tst\wf1.0
580=d:\q3source\lcc\tst\wf1.c
581=d:\q3source\lcc\tst\yacc.0
582=d:\q3source\lcc\tst\yacc.c
583=d:\q3source\lcc\x86\linux\tst\8q.1bk
584=d:\q3source\lcc\x86\linux\tst\8q.2bk
585=d:\q3source\lcc\x86\linux\tst\8q.sbk
586=d:\q3source\lcc\x86\linux\tst\array.1bk
587=d:\q3source\lcc\x86\linux\tst\array.2bk
588=d:\q3source\lcc\x86\linux\tst\array.sbk
589=d:\q3source\lcc\x86\linux\tst\cf.1bk
590=d:\q3source\lcc\x86\linux\tst\cf.2bk
591=d:\q3source\lcc\x86\linux\tst\cf.sbk
592=d:\q3source\lcc\x86\linux\tst\cq.1bk
593=d:\q3source\lcc\x86\linux\tst\cq.2bk
594=d:\q3source\lcc\x86\linux\tst\cq.sbk
595=d:\q3source\lcc\x86\linux\tst\cvt.1bk
596=d:\q3source\lcc\x86\linux\tst\cvt.2bk
597=d:\q3source\lcc\x86\linux\tst\cvt.sbk
598=d:\q3source\lcc\x86\linux\tst\fields.1bk
599=d:\q3source\lcc\x86\linux\tst\fields.2bk
600=d:\q3source\lcc\x86\linux\tst\fields.sbk
601=d:\q3source\lcc\x86\linux\tst\front.2bk
602=d:\q3source\lcc\x86\linux\tst\front.sbk
603=d:\q3source\lcc\x86\linux\tst\incr.1bk
604=d:\q3source\lcc\x86\linux\tst\incr.2bk
605=d:\q3source\lcc\x86\linux\tst\incr.sbk
606=d:\q3source\lcc\x86\linux\tst\init.1bk
607=d:\q3source\lcc\x86\linux\tst\init.2bk
608=d:\q3source\lcc\x86\linux\tst\init.sbk
609=d:\q3source\lcc\x86\linux\tst\limits.1bk
610=d:\q3source\lcc\x86\linux\tst\limits.2bk
611=d:\q3source\lcc\x86\linux\tst\limits.sbk
612=d:\q3source\lcc\x86\linux\tst\paranoia.1bk
613=d:\q3source\lcc\x86\linux\tst\paranoia.2bk
614=d:\q3source\lcc\x86\linux\tst\paranoia.sbk
615=d:\q3source\lcc\x86\linux\tst\sort.1bk
616=d:\q3source\lcc\x86\linux\tst\sort.2bk
617=d:\q3source\lcc\x86\linux\tst\sort.sbk
618=d:\q3source\lcc\x86\linux\tst\spill.1bk
619=d:\q3source\lcc\x86\linux\tst\spill.2bk
620=d:\q3source\lcc\x86\linux\tst\spill.sbk
621=d:\q3source\lcc\x86\linux\tst\stdarg.1bk
622=d:\q3source\lcc\x86\linux\tst\stdarg.2bk
623=d:\q3source\lcc\x86\linux\tst\stdarg.sbk
624=d:\q3source\lcc\x86\linux\tst\struct.1bk
625=d:\q3source\lcc\x86\linux\tst\struct.2bk
626=d:\q3source\lcc\x86\linux\tst\struct.sbk
627=d:\q3source\lcc\x86\linux\tst\switch.1bk
628=d:\q3source\lcc\x86\linux\tst\switch.2bk
629=d:\q3source\lcc\x86\linux\tst\switch.sbk
630=d:\q3source\lcc\x86\linux\tst\wf1.1bk
631=d:\q3source\lcc\x86\linux\tst\wf1.2bk
632=d:\q3source\lcc\x86\linux\tst\wf1.sbk
633=d:\q3source\lcc\x86\linux\tst\yacc.1bk
634=d:\q3source\lcc\x86\linux\tst\yacc.2bk
635=d:\q3source\lcc\x86\linux\tst\yacc.sbk
636=d:\q3source\lcc\x86\win32\tst\8q.1bk
637=d:\q3source\lcc\x86\win32\tst\8q.2bk
638=d:\q3source\lcc\x86\win32\tst\8q.sbk
639=d:\q3source\lcc\x86\win32\tst\array.1bk
640=d:\q3source\lcc\x86\win32\tst\array.2bk
641=d:\q3source\lcc\x86\win32\tst\array.sbk
642=d:\q3source\lcc\x86\win32\tst\cf.1bk
643=d:\q3source\lcc\x86\win32\tst\cf.2bk
644=d:\q3source\lcc\x86\win32\tst\cf.sbk
645=d:\q3source\lcc\x86\win32\tst\cq.1bk
646=d:\q3source\lcc\x86\win32\tst\cq.2bk
647=d:\q3source\lcc\x86\win32\tst\cq.sbk
648=d:\q3source\lcc\x86\win32\tst\cvt.1bk
649=d:\q3source\lcc\x86\win32\tst\cvt.2bk
650=d:\q3source\lcc\x86\win32\tst\cvt.sbk
651=d:\q3source\lcc\x86\win32\tst\fields.1bk
652=d:\q3source\lcc\x86\win32\tst\fields.2bk
653=d:\q3source\lcc\x86\win32\tst\fields.sbk
654=d:\q3source\lcc\x86\win32\tst\front.2bk
655=d:\q3source\lcc\x86\win32\tst\front.sbk
656=d:\q3source\lcc\x86\win32\tst\incr.1bk
657=d:\q3source\lcc\x86\win32\tst\incr.2bk
658=d:\q3source\lcc\x86\win32\tst\incr.sbk
659=d:\q3source\lcc\x86\win32\tst\init.1bk
660=d:\q3source\lcc\x86\win32\tst\init.2bk
661=d:\q3source\lcc\x86\win32\tst\init.sbk
662=d:\q3source\lcc\x86\win32\tst\limits.1bk
663=d:\q3source\lcc\x86\win32\tst\limits.2bk
664=d:\q3source\lcc\x86\win32\tst\limits.sbk
665=d:\q3source\lcc\x86\win32\tst\paranoia.1bk
666=d:\q3source\lcc\x86\win32\tst\paranoia.2bk
667=d:\q3source\lcc\x86\win32\tst\paranoia.sbk
668=d:\q3source\lcc\x86\win32\tst\sort.1bk
669=d:\q3source\lcc\x86\win32\tst\sort.2bk
670=d:\q3source\lcc\x86\win32\tst\sort.sbk
671=d:\q3source\lcc\x86\win32\tst\spill.1bk
672=d:\q3source\lcc\x86\win32\tst\spill.2bk
673=d:\q3source\lcc\x86\win32\tst\spill.sbk
674=d:\q3source\lcc\x86\win32\tst\stdarg.1bk
675=d:\q3source\lcc\x86\win32\tst\stdarg.2bk
676=d:\q3source\lcc\x86\win32\tst\stdarg.sbk
677=d:\q3source\lcc\x86\win32\tst\struct.1bk
678=d:\q3source\lcc\x86\win32\tst\struct.2bk
679=d:\q3source\lcc\x86\win32\tst\struct.sbk
680=d:\q3source\lcc\x86\win32\tst\switch.1bk
681=d:\q3source\lcc\x86\win32\tst\switch.2bk
682=d:\q3source\lcc\x86\win32\tst\switch.sbk
683=d:\q3source\lcc\x86\win32\tst\wf1.1bk
684=d:\q3source\lcc\x86\win32\tst\wf1.2bk
685=d:\q3source\lcc\x86\win32\tst\wf1.sbk
686=d:\q3source\lcc\x86\win32\tst\yacc.1bk
687=d:\q3source\lcc\x86\win32\tst\yacc.2bk
688=d:\q3source\lcc\x86\win32\tst\yacc.sbk
689=d:\q3source\lcc\buildnt.sh
690=d:\q3source\q3asm\Makefile
691=d:\q3source\q3asm\README.Id
692=d:\q3source\q3asm\cmdlib.c
693=d:\q3source\q3asm\cmdlib.h
694=d:\q3source\q3asm\lib.txt
695=d:\q3source\q3asm\mathlib.h
696=d:\q3source\q3asm\notes.txt
697=d:\q3source\q3asm\ops.txt
698=d:\q3source\q3asm\opstrings.h
699=d:\q3source\q3asm\q3asm.c
700=d:\q3source\q3asm\q3asm.dsw
701=d:\q3source\q3asm\qfiles.h
702=d:\q3source\q3asm\q3asm.dsp
703=C:\Documents and Settings\All Users\Start Menu\Programs\Quake III Arena and  Quake III Team Arena Game Source\Remove Quake III Arena and  Quake III Team Arena Game Source.lnk
[Strings]
IDS_STRING1=Are you sure you want to completely remove the selected application and all of its components?
IDS_STRING2=Confirm File Deletion
IDS_STRING3=The system indicates that the following shared file is no longer used by any programs.
IDS_STRING4=Remove Shared File?
IDS_STRING5=Uninstall successfully completed.
IDS_STRING6=Uninstall
IDS_STRING7=If any programs are still using this file and it is removed, those programs may not function. Are you sure you want to remove the shared file?
IDS_STRING8=Uninstall was partially successful.
IDS_ADMINPRIVILEGESNEEDED=Administrative privileges are needed to uninstall this software.
IDS_YES=&Yes
IDS_NO=&No
IDS_YESTOALL=Yes to &All
IDS_REMOVINGFILE=Removing File:
